Yapılan Düzeltmeler:
Sanatçı düzeltildi: "Hızlı Yağmur Dinle" şarkısı - "Ferdi Tayfur" yerine "Manga"
Tür düzeltildi: "Hızlı Yağmur Dinle" şarkısı - "Arabesk" yerine "Turkish Rock"
Sanatçı düzeltildi: "Hızlı Yağmur Dinle" şarkısı - "Avicii" yerine "Manga"
Tür düzeltildi: "Hızlı Yağmur Dinle" şarkısı - "Electronic" yerine "Turkish Rock"
Sanatçı düzeltildi: "Hızlı Yağmur Dinle" şarkısı - "Dua Lipa" yerine "Manga"
Tür düzeltildi: "Hızlı Yağmur Dinle" şarkısı - "Pop" yerine "Turkish Rock"
Sanatçı düzeltildi: "Sarı Aşk Gel" şarkısı - "Selda Bağcan" yerine "Gülşen"
Tür düzeltildi: "Sarı Aşk Gel" şarkısı - "Turkish Folk" yerine "Turkish Pop"
Sanatçı düzeltildi: "Hızlı Yağmur Dinle" şarkısı - "Mabel Matiz" yerine "Manga"
Tür düzeltildi: "Hızlı Yağmur Dinle" şarkısı - "Turkish Pop" yerine "Turkish Rock"
Sanatçı düzeltildi: "Sarı Aşk Gel" şarkısı - "Edis" yerine "Gülşen"
Sanatçı düzeltildi: "Hızlı Yağmur Dinle" şarkısı - "David Guetta" yerine "Manga"
Tür düzeltildi: "Hızlı Yağmur Dinle" şarkısı - "Electronic" yerine "Turkish Rock"
Sanatçı düzeltildi: "Hızlı Yağmur Dinle" şarkısı - "Martin Garrix" yerine "Manga"
Tür düzeltildi: "Hızlı Yağmur Dinle" şarkısı - "Electronic" yerine "Turkish Rock"
Sanatçı düzeltildi: "Sarı Aşk Gel" şarkısı - "Dua Lipa" yerine "Gülşen"
Tür düzeltildi: "Sarı Aşk Gel" şarkısı - "Pop" yerine "Turkish Pop"
Sanatçı düzeltildi: "Son Gökyüzü Yap" şarkısı - "Calvin Harris" yerine "Duman"
Tür düzeltildi: "Son Gökyüzü Yap" şarkısı - "Electronic" yerine "Turkish Rock"
Sanatçı düzeltildi: "Son Gökyüzü Yap" şarkısı - "Ferdi Tayfur" yerine "Duman"
Tür düzeltildi: "Son Gökyüzü Yap" şarkısı - "Arabesk" yerine "Turkish Rock"
Sanatçı düzeltildi: "Hızlı Yağmur Dinle" şarkısı - "Arif Sağ" yerine "Manga"
Tür düzeltildi: "Hızlı Yağmur Dinle" şarkısı - "Turkish Folk" yerine "Turkish Rock"
Sanatçı düzeltildi: "Hızlı Yağmur Dinle" şarkısı - "Selda Bağcan" yerine "Manga"
Tür düzeltildi: "Hızlı Yağmur Dinle" şarkısı - "Turkish Folk" yerine "Turkish Rock"
Sanatçı düzeltildi: "Son Gökyüzü Yap" şarkısı - "Demet Akalın" yerine "Duman"
Tür düzeltildi: "Son Gökyüzü Yap" şarkısı - "Turkish Pop" yerine "Turkish Rock"
Sanatçı düzeltildi: "Hızlı Yağmur Dinle" şarkısı - "J. Cole" yerine "Manga"
Tür düzeltildi: "Hızlı Yağmur Dinle" şarkısı - "Hip-Hop" yerine "Turkish Rock"
Sanatçı düzeltildi: "Hızlı Yağmur Dinle" şarkısı - "Müslüm Gürses" yerine "Manga"
Tür düzeltildi: "Hızlı Yağmur Dinle" şarkısı - "Arabesk" yerine "Turkish Rock"
Sanatçı düzeltildi: "Son Gökyüzü Yap" şarkısı - "Sertab Erener" yerine "Duman"
Tür düzeltildi: "Son Gökyüzü Yap" şarkısı - "Turkish Pop" yerine "Turkish Rock"
Sanatçı düzeltildi: "Hızlı Yağmur Dinle" şarkısı - "Calvin Harris" yerine "Manga"
Tür düzeltildi: "Hızlı Yağmur Dinle" şarkısı - "Electronic" yerine "Turkish Rock"
Sanatçı düzeltildi: "Sarı Aşk Gel" şarkısı - "Contra" yerine "Gülşen"
Tür düzeltildi: "Sarı Aşk Gel" şarkısı - "Turkish Hip-Hop" yerine "Turkish Pop"
Sanatçı düzeltildi: "Hızlı Yağmur Dinle" şarkısı - "Hayko Cepkin" yerine "Manga"
Sanatçı düzeltildi: "Hızlı Yağmur Dinle" şarkısı - "Şebnem Ferah" yerine "Manga"
Sanatçı düzeltildi: "Sarı Aşk Gel" şarkısı - "Coldplay" yerine "Gülşen"
Tür düzeltildi: "Sarı Aşk Gel" şarkısı - "Rock" yerine "Turkish Pop"
